  PakuwonMallSurabaya.cpp
C:\Users\hasshh\source\repos\tr mall\tr mall\PakuwonMallSurabaya.cpp(28,17): warning C4244: 'initializing': conversion from 'int' to 'float', possible loss of data
C:\Users\hasshh\source\repos\tr mall\tr mall\PakuwonMallSurabaya.cpp(62,26): warning C4244: '=': conversion from 'double' to 'float', possible loss of data
C:\Users\hasshh\source\repos\tr mall\tr mall\PakuwonMallSurabaya.cpp(70,26): warning C4244: '=': conversion from 'double' to 'float', possible loss of data
C:\Users\hasshh\source\repos\tr mall\tr mall\PakuwonMallSurabaya.cpp(77,26): warning C4244: '=': conversion from 'double' to 'float', possible loss of data
C:\Users\hasshh\source\repos\tr mall\tr mall\PakuwonMallSurabaya.cpp(88,26): warning C4244: '=': conversion from 'double' to 'float', possible loss of data
C:\Users\hasshh\source\repos\tr mall\tr mall\PakuwonMallSurabaya.cpp(119,26): warning C4244: '=': conversion from 'double' to 'float', possible loss of data
C:\Users\hasshh\source\repos\tr mall\tr mall\PakuwonMallSurabaya.cpp(126,26): warning C4244: '=': conversion from 'double' to 'float', possible loss of data
C:\Users\hasshh\source\repos\tr mall\tr mall\PakuwonMallSurabaya.cpp(1017,35): warning C4305: 'argument': truncation from 'double' to 'GLfloat'
C:\Users\hasshh\source\repos\tr mall\tr mall\PakuwonMallSurabaya.cpp(1018,35): warning C4305: 'argument': truncation from 'double' to 'GLfloat'
C:\Users\hasshh\source\repos\tr mall\tr mall\PakuwonMallSurabaya.cpp(1023,35): warning C4305: 'argument': truncation from 'double' to 'GLfloat'
C:\Users\hasshh\source\repos\tr mall\tr mall\PakuwonMallSurabaya.cpp(1024,35): warning C4305: 'argument': truncation from 'double' to 'GLfloat'
C:\Users\hasshh\source\repos\tr mall\tr mall\PakuwonMallSurabaya.cpp(1029,35): warning C4305: 'argument': truncation from 'double' to 'GLfloat'
C:\Users\hasshh\source\repos\tr mall\tr mall\PakuwonMallSurabaya.cpp(1030,35): warning C4305: 'argument': truncation from 'double' to 'GLfloat'
C:\Users\hasshh\source\repos\tr mall\tr mall\PakuwonMallSurabaya.cpp(1047,35): warning C4305: 'argument': truncation from 'double' to 'GLfloat'
C:\Users\hasshh\source\repos\tr mall\tr mall\PakuwonMallSurabaya.cpp(1048,35): warning C4305: 'argument': truncation from 'double' to 'GLfloat'
C:\Users\hasshh\source\repos\tr mall\tr mall\PakuwonMallSurabaya.cpp(1053,35): warning C4305: 'argument': truncation from 'double' to 'GLfloat'
C:\Users\hasshh\source\repos\tr mall\tr mall\PakuwonMallSurabaya.cpp(1054,35): warning C4305: 'argument': truncation from 'double' to 'GLfloat'
C:\Users\hasshh\source\repos\tr mall\tr mall\PakuwonMallSurabaya.cpp(1059,35): warning C4305: 'argument': truncation from 'double' to 'GLfloat'
C:\Users\hasshh\source\repos\tr mall\tr mall\PakuwonMallSurabaya.cpp(1060,35): warning C4305: 'argument': truncation from 'double' to 'GLfloat'
C:\Users\hasshh\source\repos\tr mall\tr mall\PakuwonMallSurabaya.cpp(1065,35): warning C4305: 'argument': truncation from 'double' to 'GLfloat'
C:\Users\hasshh\source\repos\tr mall\tr mall\PakuwonMallSurabaya.cpp(1066,35): warning C4305: 'argument': truncation from 'double' to 'GLfloat'
C:\Users\hasshh\source\repos\tr mall\tr mall\PakuwonMallSurabaya.cpp(1071,35): warning C4305: 'argument': truncation from 'double' to 'GLfloat'
C:\Users\hasshh\source\repos\tr mall\tr mall\PakuwonMallSurabaya.cpp(1072,34): warning C4305: 'argument': truncation from 'double' to 'GLfloat'
C:\Users\hasshh\source\repos\tr mall\tr mall\PakuwonMallSurabaya.cpp(1077,35): warning C4305: 'argument': truncation from 'double' to 'GLfloat'
C:\Users\hasshh\source\repos\tr mall\tr mall\PakuwonMallSurabaya.cpp(1078,34): warning C4305: 'argument': truncation from 'double' to 'GLfloat'
C:\Users\hasshh\source\repos\tr mall\tr mall\PakuwonMallSurabaya.cpp(1089,35): warning C4305: 'argument': truncation from 'double' to 'GLfloat'
C:\Users\hasshh\source\repos\tr mall\tr mall\PakuwonMallSurabaya.cpp(1090,34): warning C4305: 'argument': truncation from 'double' to 'GLfloat'
C:\Users\hasshh\source\repos\tr mall\tr mall\PakuwonMallSurabaya.cpp(1101,35): warning C4305: 'argument': truncation from 'double' to 'GLfloat'
C:\Users\hasshh\source\repos\tr mall\tr mall\PakuwonMallSurabaya.cpp(1102,34): warning C4305: 'argument': truncation from 'double' to 'GLfloat'
  Generating code
  2 of 13 functions (15.4%) were compiled, the rest were copied from previous compilation.
    0 functions were new in current compilation
    1 functions had inline decision re-evaluated but remain unchanged
  Finished generating code
  tr mall.vcxproj -> C:\Users\hasshh\source\repos\tr mall\x64\Release\tr mall.exe
